app/build/intermediates/manifest_merge_blame_file/debug/manifest-merger-blame-debug-report.txt
1<?xml version="1.0" encoding="utf-8"?>
2<manifest xmlns:android="http://schemas.android.com/apk/res/android"
3    package="com.example.inventorymanager"
4    android:versionCode="1"
5    android:versionName="1.0" >
6
7    <uses-sdk
8        android:minSdkVersion="26"
8-->src/main/AndroidManifest.xml
9        android:targetSdkVersion="30" />
9-->src/main/AndroidManifest.xml
10
11    <uses-permission android:name="android.permission.INTERNET" />
11-->[com.google.firebase:firebase-auth:20.0.2] AndroidManifest.xml:23:5-67
11-->[com.google.firebase:firebase-auth:20.0.2] AndroidManifest.xml:23:22-64
12    <uses-permission android:name="android.permission.ACCESS_NETWORK_STATE" />
12-->[com.google.firebase:firebase-auth:20.0.2] AndroidManifest.xml:24:5-79
12-->[com.google.firebase:firebase-auth:20.0.2] AndroidManifest.xml:24:22-76
13
14    <application
14-->src/main/AndroidManifest.xml:5:5-32:19
15        android:allowBackup="true"
15-->src/main/AndroidManifest.xml:6:9-35
16        android:appComponentFactory="androidx.core.app.CoreComponentFactory"
16-->[androidx.core:core:1.3.1] AndroidManifest.xml:24:18-86
17        android:debuggable="true"
18        android:extractNativeLibs="false"
19        android:icon="@mipmap/ic_launcher"
19-->src/main/AndroidManifest.xml:7:9-43
20        android:label="@string/app_name"
20-->src/main/AndroidManifest.xml:8:9-41
21        android:roundIcon="@mipmap/ic_launcher_round"
21-->src/main/AndroidManifest.xml:9:9-54
22        android:supportsRtl="true"
22-->src/main/AndroidManifest.xml:10:9-35
23        android:testOnly="true"
24        android:theme="@style/Theme.InventoryManager" >
24-->src/main/AndroidManifest.xml:11:9-54
25        <activity android:name="com.example.inventorymanager.Register" />
25-->src/main/AndroidManifest.xml:12:9-46
25-->src/main/AndroidManifest.xml:12:19-43
26        <activity android:name="com.example.inventorymanager.Login" />
26-->src/main/AndroidManifest.xml:13:9-43
26-->src/main/AndroidManifest.xml:13:19-40
27        <activity android:name="com.example.inventorymanager.PreLogin" >
27-->src/main/AndroidManifest.xml:14:9-20:20
27-->src/main/AndroidManifest.xml:14:19-43
28            <intent-filter>
28-->src/main/AndroidManifest.xml:15:13-19:29
29                <action android:name="android.intent.action.MAIN" />
29-->src/main/AndroidManifest.xml:16:17-69
29-->src/main/AndroidManifest.xml:16:25-66
30
31                <category android:name="android.intent.category.LAUNCHER" />
31-->src/main/AndroidManifest.xml:18:17-77
31-->src/main/AndroidManifest.xml:18:27-74
32            </intent-filter>
33        </activity>
34        <activity android:name="com.example.inventorymanager.MainActivity" >
34-->src/main/AndroidManifest.xml:21:9-27:20
34-->src/main/AndroidManifest.xml:21:19-47
35            <intent-filter>
35-->src/main/AndroidManifest.xml:15:13-19:29
36                <action android:name="android.intent.action.MAIN" />
36-->src/main/AndroidManifest.xml:16:17-69
36-->src/main/AndroidManifest.xml:16:25-66
37
38                <category android:name="android.intent.category.LAUNCHER" />
38-->src/main/AndroidManifest.xml:18:17-77
38-->src/main/AndroidManifest.xml:18:27-74
39            </intent-filter>
40        </activity>
41
42        <meta-data
42-->src/main/AndroidManifest.xml:29:9-31:57
43            android:name="preloaded_fonts"
43-->src/main/AndroidManifest.xml:30:13-43
44            android:resource="@array/preloaded_fonts" />
44-->src/main/AndroidManifest.xml:31:13-54
45
46        <activity
46-->[com.google.firebase:firebase-auth:20.0.2] AndroidManifest.xml:27:9-44:20
47            android:name="com.google.firebase.auth.internal.GenericIdpActivity"
47-->[com.google.firebase:firebase-auth:20.0.2] AndroidManifest.xml:28:13-80
48            android:excludeFromRecents="true"
48-->[com.google.firebase:firebase-auth:20.0.2] AndroidManifest.xml:29:13-46
49            android:exported="true"
49-->[com.google.firebase:firebase-auth:20.0.2] AndroidManifest.xml:30:13-36
50            android:launchMode="singleTask"
50-->[com.google.firebase:firebase-auth:20.0.2] AndroidManifest.xml:31:13-44
51            android:theme="@android:style/Theme.Translucent.NoTitleBar" >
51-->[com.google.firebase:firebase-auth:20.0.2] AndroidManifest.xml:32:13-72
52            <intent-filter>
52-->[com.google.firebase:firebase-auth:20.0.2] AndroidManifest.xml:33:13-43:29
53                <action android:name="android.intent.action.VIEW" />
53-->[com.google.firebase:firebase-auth:20.0.2] AndroidManifest.xml:34:17-69
53-->[com.google.firebase:firebase-auth:20.0.2] AndroidManifest.xml:34:25-66
54
55                <category android:name="android.intent.category.DEFAULT" />
55-->[com.google.firebase:firebase-auth:20.0.2] AndroidManifest.xml:36:17-76
55-->[com.google.firebase:firebase-auth:20.0.2] AndroidManifest.xml:36:27-73
56                <category android:name="android.intent.category.BROWSABLE" />
56-->[com.google.firebase:firebase-auth:20.0.2] AndroidManifest.xml:37:17-78
56-->[com.google.firebase:firebase-auth:20.0.2] AndroidManifest.xml:37:27-75
57
58                <data
58-->[com.google.firebase:firebase-auth:20.0.2] AndroidManifest.xml:39:17-42:51
59                    android:host="firebase.auth"
59-->[com.google.firebase:firebase-auth:20.0.2] AndroidManifest.xml:40:21-49
60                    android:path="/"
60-->[com.google.firebase:firebase-auth:20.0.2] AndroidManifest.xml:41:21-37
61                    android:scheme="genericidp" />
61-->[com.google.firebase:firebase-auth:20.0.2] AndroidManifest.xml:42:21-48
62            </intent-filter>
63        </activity>
64        <activity
64-->[com.google.firebase:firebase-auth:20.0.2] AndroidManifest.xml:45:9-62:20
65            android:name="com.google.firebase.auth.internal.RecaptchaActivity"
65-->[com.google.firebase:firebase-auth:20.0.2] AndroidManifest.xml:46:13-79
66            android:excludeFromRecents="true"
66-->[com.google.firebase:firebase-auth:20.0.2] AndroidManifest.xml:47:13-46
67            android:exported="true"
67-->[com.google.firebase:firebase-auth:20.0.2] AndroidManifest.xml:48:13-36
68            android:launchMode="singleTask"
68-->[com.google.firebase:firebase-auth:20.0.2] AndroidManifest.xml:49:13-44
69            android:theme="@android:style/Theme.Translucent.NoTitleBar" >
69-->[com.google.firebase:firebase-auth:20.0.2] AndroidManifest.xml:50:13-72
70            <intent-filter>
70-->[com.google.firebase:firebase-auth:20.0.2] AndroidManifest.xml:51:13-61:29
71                <action android:name="android.intent.action.VIEW" />
71-->[com.google.firebase:firebase-auth:20.0.2] AndroidManifest.xml:34:17-69
71-->[com.google.firebase:firebase-auth:20.0.2] AndroidManifest.xml:34:25-66
72
73                <category android:name="android.intent.category.DEFAULT" />
73-->[com.google.firebase:firebase-auth:20.0.2] AndroidManifest.xml:36:17-76
73-->[com.google.firebase:firebase-auth:20.0.2] AndroidManifest.xml:36:27-73
74                <category android:name="android.intent.category.BROWSABLE" />
74-->[com.google.firebase:firebase-auth:20.0.2] AndroidManifest.xml:37:17-78
74-->[com.google.firebase:firebase-auth:20.0.2] AndroidManifest.xml:37:27-75
75
76                <data
76-->[com.google.firebase:firebase-auth:20.0.2] AndroidManifest.xml:39:17-42:51
77                    android:host="firebase.auth"
77-->[com.google.firebase:firebase-auth:20.0.2] AndroidManifest.xml:40:21-49
78                    android:path="/"
78-->[com.google.firebase:firebase-auth:20.0.2] AndroidManifest.xml:41:21-37
79                    android:scheme="recaptcha" />
79-->[com.google.firebase:firebase-auth:20.0.2] AndroidManifest.xml:42:21-48
80            </intent-filter>
81        </activity>
82
83        <service
83-->[com.google.firebase:firebase-auth:20.0.2] AndroidManifest.xml:64:9-73:19
84            android:name="com.google.firebase.auth.api.fallback.service.FirebaseAuthFallbackService"
84-->[com.google.firebase:firebase-auth:20.0.2] AndroidManifest.xml:65:13-101
85            android:enabled="true"
85-->[com.google.firebase:firebase-auth:20.0.2] AndroidManifest.xml:66:13-35
86            android:exported="false" >
86-->[com.google.firebase:firebase-auth:20.0.2] AndroidManifest.xml:67:13-37
87            <intent-filter>
87-->[com.google.firebase:firebase-auth:20.0.2] AndroidManifest.xml:68:13-72:29
88                <action android:name="com.google.firebase.auth.api.gms.service.START" />
88-->[com.google.firebase:firebase-auth:20.0.2] AndroidManifest.xml:69:17-89
88-->[com.google.firebase:firebase-auth:20.0.2] AndroidManifest.xml:69:25-86
89
90                <category android:name="android.intent.category.DEFAULT" />
90-->[com.google.firebase:firebase-auth:20.0.2] AndroidManifest.xml:36:17-76
90-->[com.google.firebase:firebase-auth:20.0.2] AndroidManifest.xml:36:27-73
91            </intent-filter>
92        </service>
93        <service
93-->[com.google.firebase:firebase-auth:20.0.2] AndroidManifest.xml:74:9-80:19
94            android:name="com.google.firebase.components.ComponentDiscoveryService"
94-->[com.google.firebase:firebase-auth:20.0.2] AndroidManifest.xml:75:13-84
95            android:directBootAware="true"
95-->[com.google.firebase:firebase-common:19.5.0] AndroidManifest.xml:35:13-43
96            android:exported="false" >
96-->[com.google.firebase:firebase-auth:20.0.2] AndroidManifest.xml:76:13-37
97            <meta-data
97-->[com.google.firebase:firebase-auth:20.0.2] AndroidManifest.xml:77:13-79:85
98                android:name="com.google.firebase.components:com.google.firebase.auth.FirebaseAuthRegistrar"
98-->[com.google.firebase:firebase-auth:20.0.2] AndroidManifest.xml:78:17-109
99                android:value="com.google.firebase.components.ComponentRegistrar" />
99-->[com.google.firebase:firebase-auth:20.0.2] AndroidManifest.xml:79:17-82
100            <meta-data
100-->[com.google.firebase:firebase-database:19.6.0] AndroidManifest.xml:32:13-34:85
101                android:name="com.google.firebase.components:com.google.firebase.database.DatabaseRegistrar"
101-->[com.google.firebase:firebase-database:19.6.0] AndroidManifest.xml:33:17-109
102                android:value="com.google.firebase.components.ComponentRegistrar" />
102-->[com.google.firebase:firebase-database:19.6.0] AndroidManifest.xml:34:17-82
103            <!--
104                This registrar is not defined in the dynamic-module-support sdk itself to allow non-firebase
105                clients to use it as well, by defining this registrar in their own core/common library.
106            -->
107            <meta-data
107-->[com.google.firebase:firebase-common:19.5.0] AndroidManifest.xml:43:13-45:85
108                android:name="com.google.firebase.components:com.google.firebase.dynamicloading.DynamicLoadingRegistrar"
108-->[com.google.firebase:firebase-common:19.5.0] AndroidManifest.xml:44:17-121
109                android:value="com.google.firebase.components.ComponentRegistrar" />
109-->[com.google.firebase:firebase-common:19.5.0] AndroidManifest.xml:45:17-82
110        </service>
111
112        <activity
112-->[com.google.android.gms:play-services-base:17.1.0] AndroidManifest.xml:23:9-26:75
113            android:name="com.google.android.gms.common.api.GoogleApiActivity"
113-->[com.google.android.gms:play-services-base:17.1.0] AndroidManifest.xml:24:13-79
114            android:exported="false"
114-->[com.google.android.gms:play-services-base:17.1.0] AndroidManifest.xml:25:13-37
115            android:theme="@android:style/Theme.Translucent.NoTitleBar" />
115-->[com.google.android.gms:play-services-base:17.1.0] AndroidManifest.xml:26:13-72
116
117        <provider
117-->[com.google.firebase:firebase-common:19.5.0] AndroidManifest.xml:26:9-31:39
118            android:name="com.google.firebase.provider.FirebaseInitProvider"
118-->[com.google.firebase:firebase-common:19.5.0] AndroidManifest.xml:27:13-77
119            android:authorities="com.example.inventorymanager.firebaseinitprovider"
119-->[com.google.firebase:firebase-common:19.5.0] AndroidManifest.xml:28:13-72
120            android:directBootAware="true"
120-->[com.google.firebase:firebase-common:19.5.0] AndroidManifest.xml:29:13-43
121            android:exported="false"
121-->[com.google.firebase:firebase-common:19.5.0] AndroidManifest.xml:30:13-37
122            android:initOrder="100" />
122-->[com.google.firebase:firebase-common:19.5.0] AndroidManifest.xml:31:13-36
123
124        <meta-data
124-->[com.google.android.gms:play-services-basement:17.1.0] AndroidManifest.xml:23:9-25:69
125            android:name="com.google.android.gms.version"
125-->[com.google.android.gms:play-services-basement:17.1.0] AndroidManifest.xml:24:13-58
126            android:value="@integer/google_play_services_version" />
126-->[com.google.android.gms:play-services-basement:17.1.0] AndroidManifest.xml:25:13-66
127    </application>
128
129</manifest>